\BOOKMARK [1][-]{section.1}{\376\377\000E\000i\000n\000l\000e\000i\000t\000u\000n\000g}{}% 1
\BOOKMARK [2][-]{subsection.1.1}{\376\377\000S\000I\000C\000K}{section.1}% 2
\BOOKMARK [2][-]{subsection.1.2}{\376\377\000S\000I\000C\000K\000\040\000S\000T\000E\000G\000M\000A\000N\000N\000\040\000G\000m\000b\000H}{section.1}% 3
\BOOKMARK [2][-]{subsection.1.3}{\376\377\000H\000a\000r\000d\000e\000w\000a\000r\000e\000\040\000/\000\040\000C\000C\000E\000\040\000T\000e\000a\000m}{section.1}% 4
\BOOKMARK [2][-]{subsection.1.4}{\376\377\000P\000r\000o\000b\000l\000e\000m\000s\000t\000e\000l\000l\000u\000n\000g}{section.1}% 5
\BOOKMARK [2][-]{subsection.1.5}{\376\377\000Z\000i\000e\000l\000s\000e\000t\000z\000u\000n\000g}{section.1}% 6
\BOOKMARK [2][-]{subsection.1.6}{\376\377\000V\000o\000r\000g\000e\000h\000e\000n\000s\000w\000e\000i\000s\000e}{section.1}% 7
\BOOKMARK [1][-]{section.2}{\376\377\000R\000e\000l\000a\000t\000e\000d\000\040\000W\000o\000r\000k}{}% 8
\BOOKMARK [1][-]{section.3}{\376\377\000G\000r\000u\000n\000d\000l\000a\000g\000e\000n\000\040\000S\000o\000f\000t\000w\000a\000r\000e\000e\000n\000t\000w\000i\000c\000k\000l\000u\000n\000g\000\040\000u\000n\000d\000\040\000V\000e\000r\000i\000f\000i\000k\000a\000t\000i\000o\000n}{}% 9
\BOOKMARK [2][-]{subsection.3.1}{\376\377\000S\000o\000f\000t\000w\000a\000r\000e\000\040\000E\000n\000t\000w\000i\000c\000k\000l\000u\000n\000g}{section.3}% 10
\BOOKMARK [3][-]{subsubsection.3.1.1}{\376\377\000A\000n\000f\000o\000r\000d\000e\000r\000u\000n\000g\000s\000a\000n\000a\000l\000y\000s\000e}{subsection.3.1}% 11
\BOOKMARK [3][-]{subsubsection.3.1.2}{\376\377\000S\000y\000s\000t\000e\000m\000e\000n\000t\000w\000u\000r\000f}{subsection.3.1}% 12
\BOOKMARK [3][-]{subsubsection.3.1.3}{\376\377\000A\000r\000c\000h\000i\000t\000e\000k\000t\000u\000r\000e\000n\000t\000w\000u\000r\000f}{subsection.3.1}% 13
\BOOKMARK [3][-]{subsubsection.3.1.4}{\376\377\000M\000o\000d\000u\000l\000e\000n\000t\000w\000u\000r\000f}{subsection.3.1}% 14
\BOOKMARK [2][-]{subsection.3.2}{\376\377\000W\000a\000r\000u\000m\000\040\000S\000o\000f\000t\000w\000a\000r\000e\000\040\000T\000e\000s\000t\000s\000?}{section.3}% 15
\BOOKMARK [2][-]{subsection.3.3}{\376\377\000A\000r\000t\000e\000n\000\040\000v\000o\000n\000\040\000S\000o\000f\000t\000w\000a\000r\000e\000t\000e\000s\000t\000s}{section.3}% 16
\BOOKMARK [3][-]{subsubsection.3.3.1}{\376\377\000M\000o\000d\000u\000l\000t\000e\000s\000t\000s}{subsection.3.3}% 17
\BOOKMARK [3][-]{subsubsection.3.3.2}{\376\377\000I\000n\000t\000e\000g\000r\000a\000t\000i\000o\000n\000s\000t\000e\000s\000t\000s}{subsection.3.3}% 18
\BOOKMARK [3][-]{subsubsection.3.3.3}{\376\377\000S\000y\000s\000t\000e\000m\000t\000e\000s\000t\000s}{subsection.3.3}% 19
\BOOKMARK [3][-]{subsubsection.3.3.4}{\376\377\000A\000b\000n\000a\000h\000m\000e\000t\000e\000s\000t\000s}{subsection.3.3}% 20
\BOOKMARK [2][-]{subsection.3.4}{\376\377\000T\000e\000s\000t\000s\000u\000i\000t\000e}{section.3}% 21
\BOOKMARK [2][-]{subsection.3.5}{\376\377\000T\000e\000s\000t\000a\000u\000t\000o\000m\000a\000t\000i\000o\000n}{section.3}% 22
\BOOKMARK [2][-]{subsection.3.6}{\376\377\000P\000r\000o\000j\000e\000k\000t\000\040\000A\000u\000t\000o\000m\000a\000t\000e\000d\000\040\000T\000e\000s\000t\000i\000n\000g\000\040\000@\000\040\000G\000B\000C\0000\0007}{section.3}% 23
\BOOKMARK [1][-]{section.4}{\376\377\000T\000e\000c\000h\000n\000i\000s\000c\000h\000e\000\040\000G\000r\000u\000n\000d\000l\000a\000g\000e\000n}{}% 24
\BOOKMARK [2][-]{subsection.4.1}{\376\377\000E\000n\000c\000o\000d\000e\000r\000/\000M\000F\000B}{section.4}% 25
\BOOKMARK [2][-]{subsection.4.2}{\376\377\000H\000i\000p\000e\000r\000f\000a\000c\000e\000\040\000P\000r\000o\000t\000o\000k\000o\000l\000l}{section.4}% 26
\BOOKMARK [2][-]{subsection.4.3}{\376\377\000S\000T\0007\000/\000\040\000S\000T\000M\0008}{section.4}% 27
\BOOKMARK [1][-]{section.5}{\376\377\000K\000o\000n\000z\000e\000p\000t}{}% 28
\BOOKMARK [2][-]{subsection.5.1}{\376\377\000A\000n\000a\000l\000y\000s\000e\000\040\000b\000i\000s\000h\000e\000r\000i\000g\000e\000r\000\040\000T\000e\000s\000t\000f\000\344\000l\000l\000e}{section.5}% 29
\BOOKMARK [2][-]{subsection.5.2}{\376\377\000A\000n\000f\000o\000r\000d\000e\000r\000u\000n\000g\000s\000d\000e\000f\000i\000n\000i\000t\000i\000o\000n}{section.5}% 30
\BOOKMARK [2][-]{subsection.5.3}{\376\377\000S\000o\000f\000t\000w\000a\000r\000e\000a\000r\000c\000h\000i\000t\000e\000k\000t\000u\000r}{section.5}% 31
\BOOKMARK [2][-]{subsection.5.4}{\376\377\000W\000i\000r\000t\000s\000c\000h\000a\000f\000t\000l\000i\000c\000h\000k\000e\000i\000t}{section.5}% 32
\BOOKMARK [1][-]{section.6}{\376\377\000I\000m\000p\000l\000e\000m\000e\000n\000t\000i\000e\000r\000u\000n\000g}{}% 33
\BOOKMARK [2][-]{subsection.6.1}{\376\377\000E\000n\000t\000w\000i\000c\000k\000l\000u\000n\000g\000s\000u\000m\000g\000e\000b\000u\000n\000g\000/\000P\000r\000o\000g\000r\000a\000m\000m\000i\000e\000r\000s\000p\000r\000a\000c\000h\000e}{section.6}% 34
\BOOKMARK [2][-]{subsection.6.2}{\376\377\000H\000i\000p\000e\000r\000f\000a\000c\000e\000\040\000I\000m\000p\000l\000e\000m\000e\000n\000t\000i\000e\000r\000u\000n\000g}{section.6}% 35
\BOOKMARK [2][-]{subsection.6.3}{\376\377\000M\000o\000t\000o\000r\000\040\000I\000m\000p\000l\000e\000m\000e\000n\000t\000i\000e\000r\000u\000n\000g}{section.6}% 36
\BOOKMARK [1][-]{section.7}{\376\377\000E\000v\000a\000l\000u\000a\000t\000i\000o\000n}{}% 37
\BOOKMARK [2][-]{subsection.7.1}{\376\377\000N\000u\000t\000z\000e\000n\000\040\000A\000n\000a\000l\000y\000s\000e}{section.7}% 38
\BOOKMARK [2][-]{subsection.7.2}{\376\377\000A\000b\000g\000l\000e\000i\000c\000h\000\040\000d\000e\000r\000\040\000A\000n\000f\000o\000r\000d\000e\000r\000u\000n\000g\000e\000n}{section.7}% 39
\BOOKMARK [1][-]{section.8}{\376\377\000F\000a\000z\000i\000t\000\040\000/\000\040\000A\000u\000s\000b\000l\000i\000c\000k}{}% 40
\BOOKMARK [2][-]{subsection.8.1}{\376\377\000F\000a\000z\000i\000t}{section.8}% 41
\BOOKMARK [2][-]{subsection.8.2}{\376\377\000A\000u\000s\000b\000l\000i\000c\000k}{section.8}% 42
\BOOKMARK [1][-]{section.9}{\376\377\000L\000i\000t\000e\000r\000a\000t\000u\000r}{}% 43
\BOOKMARK [1][-]{section.10}{\376\377\000A\000n\000h\000a\000n\000g}{}% 44
